[debug] [2025-01-26T12:20:02.265Z] ----------------------------------------------------------------------
[debug] [2025-01-26T12:20:02.266Z] Command:       C:\Program Files\nodejs\node.exe C:\Users\hlagh\npm-global\node_modules\firebase-tools\lib\bin\firebase.js init functions
[debug] [2025-01-26T12:20:02.267Z] CLI Version:   13.29.1
[debug] [2025-01-26T12:20:02.267Z] Platform:      win32
[debug] [2025-01-26T12:20:02.267Z] Node Version:  v22.13.1
[debug] [2025-01-26T12:20:02.267Z] Time:          Sun Jan 26 2025 13:20:02 GMT+0100 (heure normale d’Europe centrale)
[debug] [2025-01-26T12:20:02.267Z] ----------------------------------------------------------------------
[debug] 
[debug] [2025-01-26T12:20:02.309Z] > command requires scopes: ["email","openid","https://www.googleapis.com/auth/cloudplatformprojects.readonly","https://www.googleapis.com/auth/firebase","https://www.googleapis.com/auth/cloud-platform"]
[debug] [2025-01-26T12:20:02.309Z] > authorizing via signed-in user (hlaghzil@gmail.com)
[info] 
     ######## #### ########  ######## ########     ###     ######  ########
     ##        ##  ##     ## ##       ##     ##  ##   ##  ##       ##
     ######    ##  ########  ######   ########  #########  ######  ######
     ##        ##  ##    ##  ##       ##     ## ##     ##       ## ##
     ##       #### ##     ## ######## ########  ##     ##  ######  ########

You're about to initialize a Firebase project in this directory:

  C:\Users\hlagh\Documents\Code\Promete-it\cinoji

Before we get started, keep in mind:

  * You are initializing within an existing Firebase project directory

[info] 
=== Project Setup
[info] 
[info] First, let's associate this project directory with a Firebase project.
[info] You can create multiple project aliases by running firebase use --add, 
[info] but for now we'll just set up a default project.
[info] 
[debug] [2025-01-26T12:20:04.582Z] Using project from CLI flag: testnull-edcb5
[debug] [2025-01-26T12:20:04.583Z] Checked if tokens are valid: true, expires at: 1737896023073
[debug] [2025-01-26T12:20:04.583Z] Checked if tokens are valid: true, expires at: 1737896023073
[debug] [2025-01-26T12:20:04.584Z] >>> [apiv2][query] GET https://firebase.googleapis.com/v1beta1/projects/testnull-edcb5 [none]
[debug] [2025-01-26T12:20:04.961Z] <<< [apiv2][status] GET https://firebase.googleapis.com/v1beta1/projects/testnull-edcb5 200
[debug] [2025-01-26T12:20:04.962Z] <<< [apiv2][body] GET https://firebase.googleapis.com/v1beta1/projects/testnull-edcb5 {"projectId":"testnull-edcb5","projectNumber":"179772710945","displayName":"Cinoji","name":"projects/testnull-edcb5","resources":{"hostingSite":"testnull-edcb5"},"state":"ACTIVE","etag":"1_11457a71-318a-46ea-a1db-34703186e2f5"}
[info] i  Using project testnull-edcb5 (Cinoji) 
[info] 
=== Functions Setup
[debug] [2025-01-26T12:20:04.967Z] > command requires scopes: ["email","openid","https://www.googleapis.com/auth/cloudplatformprojects.readonly","https://www.googleapis.com/auth/firebase","https://www.googleapis.com/auth/cloud-platform"]
[debug] [2025-01-26T12:20:04.967Z] > authorizing via signed-in user (hlaghzil@gmail.com)
[debug] [2025-01-26T12:20:04.967Z] [iam] checking project testnull-edcb5 for permissions ["firebase.projects.get"]
[debug] [2025-01-26T12:20:04.968Z] Checked if tokens are valid: true, expires at: 1737896023073
[debug] [2025-01-26T12:20:04.968Z] Checked if tokens are valid: true, expires at: 1737896023073
[debug] [2025-01-26T12:20:04.968Z] >>> [apiv2][query] POST https://cloudresourcemanager.googleapis.com/v1/projects/testnull-edcb5:testIamPermissions [none]
[debug] [2025-01-26T12:20:04.968Z] >>> [apiv2][(partial)header] POST https://cloudresourcemanager.googleapis.com/v1/projects/testnull-edcb5:testIamPermissions x-goog-quota-user=projects/testnull-edcb5
[debug] [2025-01-26T12:20:04.968Z] >>> [apiv2][body] POST https://cloudresourcemanager.googleapis.com/v1/projects/testnull-edcb5:testIamPermissions {"permissions":["firebase.projects.get"]}
[debug] [2025-01-26T12:20:05.577Z] <<< [apiv2][status] POST https://cloudresourcemanager.googleapis.com/v1/projects/testnull-edcb5:testIamPermissions 200
[debug] [2025-01-26T12:20:05.578Z] <<< [apiv2][body] POST https://cloudresourcemanager.googleapis.com/v1/projects/testnull-edcb5:testIamPermissions {"permissions":["firebase.projects.get"]}
[debug] [2025-01-26T12:20:05.578Z] Checked if tokens are valid: true, expires at: 1737896023073
[debug] [2025-01-26T12:20:05.578Z] Checked if tokens are valid: true, expires at: 1737896023073
[debug] [2025-01-26T12:20:05.578Z] Checked if tokens are valid: true, expires at: 1737896023073
[debug] [2025-01-26T12:20:05.578Z] Checked if tokens are valid: true, expires at: 1737896023073
[debug] [2025-01-26T12:20:05.578Z] >>> [apiv2][query] GET https://serviceusage.googleapis.com/v1/projects/testnull-edcb5/services/cloudfunctions.googleapis.com [none]
[debug] [2025-01-26T12:20:05.578Z] >>> [apiv2][(partial)header] GET https://serviceusage.googleapis.com/v1/projects/testnull-edcb5/services/cloudfunctions.googleapis.com x-goog-quota-user=projects/testnull-edcb5
[debug] [2025-01-26T12:20:05.579Z] >>> [apiv2][query] GET https://serviceusage.googleapis.com/v1/projects/testnull-edcb5/services/runtimeconfig.googleapis.com [none]
[debug] [2025-01-26T12:20:05.579Z] >>> [apiv2][(partial)header] GET https://serviceusage.googleapis.com/v1/projects/testnull-edcb5/services/runtimeconfig.googleapis.com x-goog-quota-user=projects/testnull-edcb5
[debug] [2025-01-26T12:20:07.733Z] <<< [apiv2][status] GET https://serviceusage.googleapis.com/v1/projects/testnull-edcb5/services/runtimeconfig.googleapis.com 200
[debug] [2025-01-26T12:20:07.733Z] <<< [apiv2][body] GET https://serviceusage.googleapis.com/v1/projects/testnull-edcb5/services/runtimeconfig.googleapis.com [omitted]
[debug] [2025-01-26T12:20:07.736Z] <<< [apiv2][status] GET https://serviceusage.googleapis.com/v1/projects/testnull-edcb5/services/cloudfunctions.googleapis.com 200
[debug] [2025-01-26T12:20:07.736Z] <<< [apiv2][body] GET https://serviceusage.googleapis.com/v1/projects/testnull-edcb5/services/cloudfunctions.googleapis.com [omitted]
[debug] [2025-01-26T12:20:07.736Z] Checked if tokens are valid: true, expires at: 1737896023073
[debug] [2025-01-26T12:20:07.736Z] Checked if tokens are valid: true, expires at: 1737896023073
[debug] [2025-01-26T12:20:07.736Z] >>> [apiv2][query] POST https://serviceusage.googleapis.com/v1/projects/testnull-edcb5/services/cloudfunctions.googleapis.com:enable [none]
[debug] [2025-01-26T12:20:07.736Z] >>> [apiv2][(partial)header] POST https://serviceusage.googleapis.com/v1/projects/testnull-edcb5/services/cloudfunctions.googleapis.com:enable x-goog-quota-user=projects/testnull-edcb5
[debug] [2025-01-26T12:20:08.302Z] <<< [apiv2][status] POST https://serviceusage.googleapis.com/v1/projects/testnull-edcb5/services/cloudfunctions.googleapis.com:enable 200
[debug] [2025-01-26T12:20:08.302Z] <<< [apiv2][body] POST https://serviceusage.googleapis.com/v1/projects/testnull-edcb5/services/cloudfunctions.googleapis.com:enable [omitted]
[debug] [2025-01-26T12:20:18.310Z] Checked if tokens are valid: true, expires at: 1737896023073
[debug] [2025-01-26T12:20:18.311Z] Checked if tokens are valid: true, expires at: 1737896023073
[debug] [2025-01-26T12:20:18.311Z] >>> [apiv2][query] GET https://serviceusage.googleapis.com/v1/projects/testnull-edcb5/services/cloudfunctions.googleapis.com [none]
[debug] [2025-01-26T12:20:18.311Z] >>> [apiv2][(partial)header] GET https://serviceusage.googleapis.com/v1/projects/testnull-edcb5/services/cloudfunctions.googleapis.com x-goog-quota-user=projects/testnull-edcb5
[debug] [2025-01-26T12:20:19.071Z] <<< [apiv2][status] GET https://serviceusage.googleapis.com/v1/projects/testnull-edcb5/services/cloudfunctions.googleapis.com 200
[debug] [2025-01-26T12:20:19.071Z] <<< [apiv2][body] GET https://serviceusage.googleapis.com/v1/projects/testnull-edcb5/services/cloudfunctions.googleapis.com [omitted]
[info] Let's create a new codebase for your functions.
[info] A directory corresponding to the codebase will be created in your project
[info] with sample code pre-configured.

[info] See https://firebase.google.com/docs/functions/organize-functions for
[info] more information on organizing your functions using codebases.

[info] Functions can be deployed with firebase deploy.

